24 19 1 5 25 15 1 13 0 1 1 0 1889 12 15 -1 16 95 13 0 1 1 13 0 1 1 11 0 1 1 12 15 -1 13 0 1 1 11 0 4 5 0 0 6 17 77 13 0 1 1 11 0 100 5 0 0 6 8 18 73 13 0 1 1 11 0 400 5 0 0 6 16 75 0 1 16 79 0 0 17 91 13 0 1 1 11 22 15 -1 16 93 15 0 15 0 13 0 1 1 11 13 0 0 1 11 7 18 18 15 -1 21 0

24: LDARGS    |
19: CALL 1 5  | setup program
25: STOP      |

15: INCSP 1   | 
13: GETBP     | get &y (addres of y)
 0: CSTI 1    |
 1: ADD       |
 0: CSTI 1889    | y = 1889
12: STI          | 
15: INCSP -1 
16: GOTO 95   | while
13: GETBP         |
 0: CSTI 1        | get &y
 1: ADD           |
13: GETBP     |
 0: CSTI 1    | get *y 
 1: ADD       |
11: LDI       |
 0: CSTI 1        | push 1
 1: ADD       | y + 1
12: STI           | y = y + 1
15: INCSP -1 
13: GETBP     |
 0: CSTI 1    | get *y
 1: ADD       |
11: LDI       |
 0: CSTI 4        | push 4
 5: MOD       | y % 4
 0: CSTI 0        | push 0
 6: EQ        | y % 4 == 0
17: IFZERO 77     | if false goto 77
13: GETBP     |
 0: CSTI 1    | get *y 
 1: ADD       |
11: LDI       |
 0: CSTI 100      | push 100
 5: MOD       | y % 100
 0: CSTI 0        | push 0
 6: EQ        | negate (y % 100 == 0)
 8: NOT       |   
18: IFNZRO 73     | i true goto 73
13: GETBP     |
 0: CSTI 1    | get y*
 1: ADD       |
11: LDI       |
 0: CSTI 400      | push 400
 5: MOD       | y % 400
 0: CSTI 0        | push 0
 6: EQ        | y % 400 == 0
16: GOTO 75       | 
 0: CSTI 1        |
16: GOTO 79       |
 0: CSTI 0        | if true
17: IFZERO 91     | if (y % 4 == 0 && (y % 100 != 0 || y % 400 == 0))
13: GETBP         | 
 0: CSTI 1        |
 1: ADD           |
11: LDI           |
22: PRINTI   | print y
15: INCSP -1      |
16: GOTO 93       |
15: INCSP 0       |
15: INCSP 0       |
13: GETBP            |
 0: CSTI 1           | y
 1: ADD              | 
11: LDI              |
13: GETBP         |
 0: CSTI 0        |  n
 1: ADD           |
11: LDI           |
 7: LT                | y < n
18: IFNZRO 18     | if false goto 18
15: INCSP -1      | go out of scope
21: RET 0      | return